<?xml version="1.0" encoding="UTF-8"?>
<testng-results ignored="0" total="2" passed="2" failed="0" skipped="0">
  <reporter-output>
  </reporter-output>
  <suite started-at="2023-01-23T11:53:11 IST" name="Default suite" finished-at="2023-01-23T11:53:11 IST" duration-ms="147">
    <groups>
    </groups>
    <test started-at="2023-01-23T11:53:11 IST" name="Default test" finished-at="2023-01-23T11:53:11 IST" duration-ms="147">
      <class name="TestNG.AnnotationClass">
        <test-method is-config="true" signature="beforeSuite()[pri:0, instance:TestNG.AnnotationClass@34123d65]" started-at="2023-01-23T11:53:11 IST" name="beforeSuite" finished-at="2023-01-23T11:53:11 IST" duration-ms="34" status="PASS">
          <reporter-output>
          </reporter-output>
        </test-method> <!-- beforeSuite -->
        <test-method is-config="true" signature="beforeTest()[pri:0, instance:TestNG.AnnotationClass@34123d65]" started-at="2023-01-23T11:53:11 IST" name="beforeTest" finished-at="2023-01-23T11:53:11 IST" duration-ms="3" status="PASS">
          <reporter-output>
          </reporter-output>
        </test-method> <!-- beforeTest -->
        <test-method is-config="true" signature="beforeClass()[pri:0, instance:TestNG.AnnotationClass@34123d65]" started-at="2023-01-23T11:53:11 IST" name="beforeClass" finished-at="2023-01-23T11:53:11 IST" duration-ms="1" status="PASS">
          <reporter-output>
          </reporter-output>
        </test-method> <!-- beforeClass -->
        <test-method is-config="true" signature="beforeMethod()[pri:0, instance:TestNG.AnnotationClass@34123d65]" started-at="2023-01-23T11:53:11 IST" name="beforeMethod" finished-at="2023-01-23T11:53:11 IST" duration-ms="3" status="PASS">
          <reporter-output>
          </reporter-output>
        </test-method> <!-- beforeMethod -->
        <test-method signature="testcase()[pri:0, instance:TestNG.AnnotationClass@34123d65]" started-at="2023-01-23T11:53:11 IST" name="testcase" finished-at="2023-01-23T11:53:11 IST" duration-ms="17" status="PASS">
          <reporter-output>
          </reporter-output>
        </test-method> <!-- testcase -->
        <test-method is-config="true" signature="afterMethod()[pri:0, instance:TestNG.AnnotationClass@34123d65]" started-at="2023-01-23T11:53:11 IST" name="afterMethod" finished-at="2023-01-23T11:53:11 IST" duration-ms="4" status="PASS">
          <reporter-output>
          </reporter-output>
        </test-method> <!-- afterMethod -->
        <test-method is-config="true" signature="beforeMethod()[pri:0, instance:TestNG.AnnotationClass@34123d65]" started-at="2023-01-23T11:53:11 IST" name="beforeMethod" finished-at="2023-01-23T11:53:11 IST" duration-ms="1" status="PASS">
          <reporter-output>
          </reporter-output>
        </test-method> <!-- beforeMethod -->
        <test-method signature="testcase1()[pri:0, instance:TestNG.AnnotationClass@34123d65]" started-at="2023-01-23T11:53:11 IST" name="testcase1" finished-at="2023-01-23T11:53:11 IST" duration-ms="5" status="PASS">
          <reporter-output>
          </reporter-output>
        </test-method> <!-- testcase1 -->
        <test-method is-config="true" signature="afterMethod()[pri:0, instance:TestNG.AnnotationClass@34123d65]" started-at="2023-01-23T11:53:11 IST" name="afterMethod" finished-at="2023-01-23T11:53:11 IST" duration-ms="1" status="PASS">
          <reporter-output>
          </reporter-output>
        </test-method> <!-- afterMethod -->
        <test-method is-config="true" signature="afterClass()[pri:0, instance:TestNG.AnnotationClass@34123d65]" started-at="2023-01-23T11:53:11 IST" name="afterClass" finished-at="2023-01-23T11:53:11 IST" duration-ms="0" status="PASS">
          <reporter-output>
          </reporter-output>
        </test-method> <!-- afterClass -->
        <test-method is-config="true" signature="afterTest()[pri:0, instance:TestNG.AnnotationClass@34123d65]" started-at="2023-01-23T11:53:11 IST" name="afterTest" finished-at="2023-01-23T11:53:11 IST" duration-ms="0" status="PASS">
          <reporter-output>
          </reporter-output>
        </test-method> <!-- afterTest -->
        <test-method is-config="true" signature="afterSuite()[pri:0, instance:TestNG.AnnotationClass@34123d65]" started-at="2023-01-23T11:53:12 IST" name="afterSuite" finished-at="2023-01-23T11:53:12 IST" duration-ms="2" status="PASS">
          <reporter-output>
          </reporter-output>
        </test-method> <!-- afterSuite -->
      </class> <!-- TestNG.AnnotationClass -->
    </test> <!-- Default test -->
  </suite> <!-- Default suite -->
</testng-results>
