<?xml version="1.0" encoding="UTF-8"?>
<!-- Generated by org.testng.reporters.JUnitXMLReporter -->
<testsuite ignored="5" hostname="LAPTOP-M9MJF76J" failures="0" tests="1" name="Default test(failed)" time="11.849" errors="0" timestamp="2022-11-28T21:10:25 IST">
  <testcase classname="TestNG.LocatorSamples" name="partialLinkTestExample" time="1.731"/>
  <testcase classname="TestNG.LocatorSamples" name="tagnameExample" time="0.0">
    <ignored/>
  </testcase> <!-- tagnameExample -->
  <testcase classname="TestNG.LocatorSamples" name="idExample" time="0.0">
    <ignored/>
  </testcase> <!-- idExample -->
  <testcase classname="TestNG.LocatorSamples" name="classnameExample" time="0.0">
    <ignored/>
  </testcase> <!-- classnameExample -->
  <testcase classname="TestNG.LocatorSamples" name="linkTestExample" time="0.0">
    <ignored/>
  </testcase> <!-- linkTestExample -->
  <testcase classname="TestNG.LocatorSamples" name="nameExample" time="0.0">
    <ignored/>
  </testcase> <!-- nameExample -->
</testsuite> <!-- Default test(failed) -->
